<?xml version="1.0" encoding="UTF-8"?>
<testsuite xmlns:xsi="http://www.w3.org/2001/XMLSchema-instance" xsi:noNamespaceSchemaLocation="https://maven.apache.org/surefire/maven-surefire-plugin/xsd/surefire-test-report-3.0.xsd" version="3.0" name="vut.Invoicecalculatortest" time="0.486" tests="24" errors="0" skipped="0" failures="0">
  <properties>
[...]
</properties>
  <testcase name="testNegativeAmountThrowsException(String)[1]" classname="vut.Invoicecalculatortest" time="0.09"/>
  <testcase name="testNegativeAmountThrowsException(String)[2]" classname="vut.Invoicecalculatortest" time="0.003"/>
  <testcase name="testNegativeAmountThrowsException(String)[3]" classname="vut.Invoicecalculatortest" time="0.002"/>
  <testcase name="testCalculateFinalAmount(String, String, String)[1]" classname="vut.Invoicecalculatortest" time="0.011"/>
  <testcase name="testCalculateFinalAmount(String, String, String)[2]" classname="vut.Invoicecalculatortest" time="0.001"/>
  <testcase name="testCalculateFinalAmount(String, String, String)[3]" classname="vut.Invoicecalculatortest" time="0.003"/>
  <testcase name="testCalculateFinalAmount(String, String, String)[4]" classname="vut.Invoicecalculatortest" time="0.002"/>
  <testcase name="testApplyVAT_NegativeAmount_ThrowsException" classname="vut.Invoicecalculatortest" time="0.002"/>
  <testcase name="testCalculateDiscountedAmount(String, String, String)[1]" classname="vut.Invoicecalculatortest" time="0.001"/>
  <testcase name="testCalculateDiscountedAmount(String, String, String)[2]" classname="vut.Invoicecalculatortest" time="0.003"/>
  <testcase name="testCalculateDiscountedAmount(String, String, String)[3]" classname="vut.Invoicecalculatortest" time="0.002"/>
  <testcase name="testCalculateDiscountedAmount(String, String, String)[4]" classname="vut.Invoicecalculatortest" time="0.003"/>
  <testcase name="testCalculateDiscountedAmount(String, String, String)[5]" classname="vut.Invoicecalculatortest" time="0.002"/>
  <testcase name="testDiscountBelowZeroThrowsException(String)[1]" classname="vut.Invoicecalculatortest" time="0.004"/>
  <testcase name="testDiscountBelowZeroThrowsException(String)[2]" classname="vut.Invoicecalculatortest" time="0.001"/>
  <testcase name="testDiscountBelowZeroThrowsException(String)[3]" classname="vut.Invoicecalculatortest" time="0.006"/>
  <testcase name="testApplyVAT(String, String)[1]" classname="vut.Invoicecalculatortest" time="0.007"/>
  <testcase name="testApplyVAT(String, String)[2]" classname="vut.Invoicecalculatortest" time="0.006"/>
  <testcase name="testApplyVAT(String, String)[3]" classname="vut.Invoicecalculatortest" time="0.003"/>
  <testcase name="testApplyVAT(String, String)[4]" classname="vut.Invoicecalculatortest" time="0.002"/>
  <testcase name="testApplyVAT(String, String)[5]" classname="vut.Invoicecalculatortest" time="0.003"/>
  <testcase name="testDiscountAbove100ThrowsException(String)[1]" classname="vut.Invoicecalculatortest" time="0.003"/>
  <testcase name="testDiscountAbove100ThrowsException(String)[2]" classname="vut.Invoicecalculatortest" time="0.004"/>
  <testcase name="testDiscountAbove100ThrowsException(String)[3]" classname="vut.Invoicecalculatortest" time="0.002"/>
</testsuite>